[INFO  - 2021-07-10T13:29:40.071Z] GhostDriver - Main - running on port 49168
[INFO  - 2021-07-10T13:29:42.146Z] Session [e22b51e0-e182-11eb-b000-a186b48960ca] - page.settings - {"XSSAuditingEnabled":false,"javascriptCanCloseWindows":true,"javascriptCanOpenWindows":true,"javascriptEnabled":true,"loadImages":true,"localToRemoteUrlAccessEnabled":false,"userAgent":"Mozilla/5.0 (Windows NT 6.2; WOW64) AppleWebKit/538.1 (KHTML, like Gecko) PhantomJS/2.1.1 Safari/538.1","webSecurityEnabled":true}
[INFO  - 2021-07-10T13:29:42.146Z] Session [e22b51e0-e182-11eb-b000-a186b48960ca] - page.customHeaders:  - {}
[INFO  - 2021-07-10T13:29:42.147Z] Session [e22b51e0-e182-11eb-b000-a186b48960ca] - Session.negotiatedCapabilities - {"browserName":"phantomjs","version":"2.1.1","driverName":"ghostdriver","driverVersion":"1.2.0","platform":"windows-10-32bit","javascriptEnabled":true,"takesScreenshot":true,"handlesAlerts":false,"databaseEnabled":false,"locationContextEnabled":false,"applicationCacheEnabled":false,"browserConnectionEnabled":false,"cssSelectorsEnabled":true,"webStorageEnabled":false,"rotatable":false,"acceptSslCerts":false,"nativeEvents":true,"proxy":{"proxyType":"direct"}}
[INFO  - 2021-07-10T13:29:42.147Z] SessionManagerReqHand - _postNewSessionCommand - New Session Created: e22b51e0-e182-11eb-b000-a186b48960ca
[ERROR - 2021-07-10T13:29:42.586Z] Session [e22b51e0-e182-11eb-b000-a186b48960ca] - page.onError - msg: ReferenceError: Can't find variable: URLSearchParams

  phantomjs://platform/console++.js:263 in error
[ERROR - 2021-07-10T13:29:42.587Z] Session [e22b51e0-e182-11eb-b000-a186b48960ca] - page.onError - stack:
  scroll_to_stathead_results (https://d2p3bygnnzw9w3.cloudfront.net/req/202106153/js/bbr/sr-min.js:1)
  sr_utilities_js_load (https://d2p3bygnnzw9w3.cloudfront.net/req/202106153/js/bbr/sr-min.js:1)
  sr_fire_js (https://d2p3bygnnzw9w3.cloudfront.net/req/202106153/js/bbr/sr-min.js:1)
  vjs_ready (https://www.basketball-reference.com/teams/CHI/1985.html:196)
  (anonymous function) (https://www.basketball-reference.com/teams/CHI/1985.html:201)

  phantomjs://platform/console++.js:263 in error
[ERROR - 2021-07-10T13:29:43.831Z] Session [e22b51e0-e182-11eb-b000-a186b48960ca] - page.onError - msg: TypeError: undefined is not a constructor (evaluating '(1e7-c).toString().padStart(9,"0")')

  phantomjs://platform/console++.js:263 in error
[ERROR - 2021-07-10T13:29:43.832Z] Session [e22b51e0-e182-11eb-b000-a186b48960ca] - page.onError - stack:
  cse_generateLookupTable (https://d2p3bygnnzw9w3.cloudfront.net/req/202106153/js/bbr/sr-min.js:1)
  cse_generateAutocompleteDataStructures (https://d2p3bygnnzw9w3.cloudfront.net/req/202106153/js/bbr/sr-min.js:1)
  (anonymous function) (https://d2p3bygnnzw9w3.cloudfront.net/req/202106153/js/bbr/sr-min.js:1)
  onload (https://d2p3bygnnzw9w3.cloudfront.net/req/202106153/js/bbr/sr-min.js:1)

  phantomjs://platform/console++.js:263 in error
[ERROR - 2021-07-10T13:29:44.150Z] Session [e22b51e0-e182-11eb-b000-a186b48960ca] - page.onError - msg: TypeError: undefined is not a constructor (near '...";path=/").normalize("NFD").replace(/[\u...')

  phantomjs://platform/console++.js:263 in error
[ERROR - 2021-07-10T13:29:44.150Z] Session [e22b51e0-e182-11eb-b000-a186b48960ca] - page.onError - stack:
  (anonymous function) (https://a.pub.network/basketball-reference/pubfig.min.js:1)
  v (https://a.pub.network/basketball-reference/pubfig.min.js:1)
  (anonymous function) (https://a.pub.network/basketball-reference/pubfig.min.js:1)
  onloadend (https://a.pub.network/basketball-reference/pubfig.min.js:1)

  phantomjs://platform/console++.js:263 in error
